[2019-08-20 11:21:08] local.ERROR: SQLSTATE[HY000] [1045] Access denied for user 'lamim'@'localhost' (using password: YES) (SQL: select * from information_schema.tables where table_schema = discount_app and table_name = migrations and table_type = 'BASE TABLE') {"exception":"[object] (Illuminate\\Database\\QueryException(code: 1045): SQLSTATE[HY000] [1045] Access denied for user 'lamim'@'localhost' (using password: YES) (SQL: select * from information_schema.tables where table_schema = discount_app and table_name = migrations and table_type = 'BASE TABLE') at /Users/lamim/Desktop/Discount_app/DiscountApp/vendor/laravel/framework/src/Illuminate/Database/Connection.php:664, PDOException(code: 1045): SQLSTATE[HY000] [1045] Access denied for user 'lamim'@'localhost' (using password: YES) at /Users/lamim/Desktop/Discount_app/DiscountApp/vendor/laravel/framework/src/Illuminate/Database/Connectors/Connector.php:70)
[stacktrace]
#0 /Users/lamim/Desktop/Discount_app/DiscountApp/vendor/laravel/framework/src/Illuminate/Database/Connection.php(624): Illuminate\\Database\\Connection->runQueryCallback('select * from i...', Array, Object(Closure))
#1 /Users/lamim/Desktop/Discount_app/DiscountApp/vendor/laravel/framework/src/Illuminate/Database/Connection.php(333): Illuminate\\Database\\Connection->run('select * from i...', Array, Object(Closure))
#2 /Users/lamim/Desktop/Discount_app/DiscountApp/vendor/laravel/framework/src/Illuminate/Database/Schema/MySqlBuilder.php(18): Illuminate\\Database\\Connection->select('select * from i...', Array)
#3 /Users/lamim/Desktop/Discount_app/DiscountApp/vendor/laravel/framework/src/Illuminate/Database/Migrations/DatabaseMigrationRepository.php(169): Illuminate\\Database\\Schema\\MySqlBuilder->hasTable('migrations')
#4 /Users/lamim/Desktop/Discount_app/DiscountApp/vendor/laravel/framework/src/Illuminate/Database/Migrations/Migrator.php(585): Illuminate\\Database\\Migrations\\DatabaseMigrationRepository->repositoryExists()
#5 /Users/lamim/Desktop/Discount_app/DiscountApp/vendor/laravel/framework/src/Illuminate/Database/Console/Migrations/MigrateCommand.php(91): Illuminate\\Database\\Migrations\\Migrator->repositoryExists()
#6 /Users/lamim/Desktop/Discount_app/DiscountApp/vendor/laravel/framework/src/Illuminate/Database/Console/Migrations/MigrateCommand.php(63): Illuminate\\Database\\Console\\Migrations\\MigrateCommand->prepareDatabase()
#7 [internal function]: Illuminate\\Database\\Console\\Migrations\\MigrateCommand->handle()
#8 /Users/lamim/Desktop/Discount_app/DiscountApp/vendor/laravel/framework/src/Illuminate/Container/BoundMethod.php(32): call_user_func_array(Array, Array)
#9 /Users/lamim/Desktop/Discount_app/DiscountApp/vendor/laravel/framework/src/Illuminate/Container/BoundMethod.php(90): Illuminate\\Container\\BoundMethod::Illuminate\\Container\\{closure}()
#10 /Users/lamim/Desktop/Discount_app/DiscountApp/vendor/laravel/framework/src/Illuminate/Container/BoundMethod.php(34): Illuminate\\Container\\BoundMethod::callBoundMethod(Object(Illuminate\\Foundation\\Application), Array, Object(Closure))
#11 /Users/lamim/Desktop/Discount_app/DiscountApp/vendor/laravel/framework/src/Illuminate/Container/Container.php(576): Illuminate\\Container\\BoundMethod::call(Object(Illuminate\\Foundation\\Application), Array, Array, NULL)
#12 /Users/lamim/Desktop/Discount_app/DiscountApp/vendor/laravel/framework/src/Illuminate/Console/Command.php(183): Illuminate\\Container\\Container->call(Array)
#13 /Users/lamim/Desktop/Discount_app/DiscountApp/vendor/symfony/console/Command/Command.php(255): Illuminate\\Console\\Command->execute(Object(Symfony\\Component\\Console\\Input\\ArgvInput), Object(Illuminate\\Console\\OutputStyle))
#14 /Users/lamim/Desktop/Discount_app/DiscountApp/vendor/laravel/framework/src/Illuminate/Console/Command.php(170): Symfony\\Component\\Console\\Command\\Command->run(Object(Symfony\\Component\\Console\\Input\\ArgvInput), Object(Illuminate\\Console\\OutputStyle))
#15 /Users/lamim/Desktop/Discount_app/DiscountApp/vendor/symfony/console/Application.php(921): Illuminate\\Console\\Command->run(Object(Symfony\\Component\\Console\\Input\\ArgvInput), Object(Symfony\\Component\\Console\\Output\\ConsoleOutput))
#16 /Users/lamim/Desktop/Discount_app/DiscountApp/vendor/symfony/console/Application.php(273): Symfony\\Component\\Console\\Application->doRunCommand(Object(Illuminate\\Database\\Console\\Migrations\\MigrateCommand), Object(Symfony\\Component\\Console\\Input\\ArgvInput), Object(Symfony\\Component\\Console\\Output\\ConsoleOutput))
#17 /Users/lamim/Desktop/Discount_app/DiscountApp/vendor/symfony/console/Application.php(149): Symfony\\Component\\Console\\Application->doRun(Object(Symfony\\Component\\Console\\Input\\ArgvInput), Object(Symfony\\Component\\Console\\Output\\ConsoleOutput))
#18 /Users/lamim/Desktop/Discount_app/DiscountApp/vendor/laravel/framework/src/Illuminate/Console/Application.php(90): Symfony\\Component\\Console\\Application->run(Object(Symfony\\Component\\Console\\Input\\ArgvInput), Object(Symfony\\Component\\Console\\Output\\ConsoleOutput))
#19 /Users/lamim/Desktop/Discount_app/DiscountApp/vendor/laravel/framework/src/Illuminate/Foundation/Console/Kernel.php(133): Illuminate\\Console\\Application->run(Object(Symfony\\Component\\Console\\Input\\ArgvInput), Object(Symfony\\Component\\Console\\Output\\ConsoleOutput))
#20 /Users/lamim/Desktop/Discount_app/DiscountApp/artisan(37): Illuminate\\Foundation\\Console\\Kernel->handle(Object(Symfony\\Component\\Console\\Input\\ArgvInput), Object(Symfony\\Component\\Console\\Output\\ConsoleOutput))
#21 {main}
"} 
[2019-08-20 11:21:39] local.ERROR: SQLSTATE[42000]: Syntax error or access violation: 1071 Specified key was too long; max key length is 767 bytes (SQL: alter table `users` add unique `users_email_unique`(`email`)) {"exception":"[object] (Illuminate\\Database\\QueryException(code: 42000): SQLSTATE[42000]: Syntax error or access violation: 1071 Specified key was too long; max key length is 767 bytes (SQL: alter table `users` add unique `users_email_unique`(`email`)) at /Users/lamim/Desktop/Discount_app/DiscountApp/vendor/laravel/framework/src/Illuminate/Database/Connection.php:664, PDOException(code: 42000): SQLSTATE[42000]: Syntax error or access violation: 1071 Specified key was too long; max key length is 767 bytes at /Users/lamim/Desktop/Discount_app/DiscountApp/vendor/laravel/framework/src/Illuminate/Database/Connection.php:458)
[stacktrace]
#0 /Users/lamim/Desktop/Discount_app/DiscountApp/vendor/laravel/framework/src/Illuminate/Database/Connection.php(624): Illuminate\\Database\\Connection->runQueryCallback('alter table `us...', Array, Object(Closure))
#1 /Users/lamim/Desktop/Discount_app/DiscountApp/vendor/laravel/framework/src/Illuminate/Database/Connection.php(459): Illuminate\\Database\\Connection->run('alter table `us...', Array, Object(Closure))
#2 /Users/lamim/Desktop/Discount_app/DiscountApp/vendor/laravel/framework/src/Illuminate/Database/Schema/Blueprint.php(97): Illuminate\\Database\\Connection->statement('alter table `us...')
#3 /Users/lamim/Desktop/Discount_app/DiscountApp/vendor/laravel/framework/src/Illuminate/Database/Schema/Builder.php(278): Illuminate\\Database\\Schema\\Blueprint->build(Object(Illuminate\\Database\\MySqlConnection), Object(Illuminate\\Database\\Schema\\Grammars\\MySqlGrammar))
#4 /Users/lamim/Desktop/Discount_app/DiscountApp/vendor/laravel/framework/src/Illuminate/Database/Schema/Builder.php(167): Illuminate\\Database\\Schema\\Builder->build(Object(Illuminate\\Database\\Schema\\Blueprint))
#5 /Users/lamim/Desktop/Discount_app/DiscountApp/vendor/laravel/framework/src/Illuminate/Support/Facades/Facade.php(237): Illuminate\\Database\\Schema\\Builder->create('users', Object(Closure))
#6 /Users/lamim/Desktop/Discount_app/DiscountApp/database/migrations/2014_10_12_000000_create_users_table.php(24): Illuminate\\Support\\Facades\\Facade::__callStatic('create', Array)
#7 /Users/lamim/Desktop/Discount_app/DiscountApp/vendor/laravel/framework/src/Illuminate/Database/Migrations/Migrator.php(387): CreateUsersTable->up()
#8 /Users/lamim/Desktop/Discount_app/DiscountApp/vendor/laravel/framework/src/Illuminate/Database/Migrations/Migrator.php(396): Illuminate\\Database\\Migrations\\Migrator->Illuminate\\Database\\Migrations\\{closure}()
#9 /Users/lamim/Desktop/Discount_app/DiscountApp/vendor/laravel/framework/src/Illuminate/Database/Migrations/Migrator.php(197): Illuminate\\Database\\Migrations\\Migrator->runMigration(Object(CreateUsersTable), 'up')
#10 /Users/lamim/Desktop/Discount_app/DiscountApp/vendor/laravel/framework/src/Illuminate/Database/Migrations/Migrator.php(162): Illuminate\\Database\\Migrations\\Migrator->runUp('/Users/lamim/De...', 1, false)
#11 /Users/lamim/Desktop/Discount_app/DiscountApp/vendor/laravel/framework/src/Illuminate/Database/Migrations/Migrator.php(109): Illuminate\\Database\\Migrations\\Migrator->runPending(Array, Array)
#12 /Users/lamim/Desktop/Discount_app/DiscountApp/vendor/laravel/framework/src/Illuminate/Database/Console/Migrations/MigrateCommand.php(71): Illuminate\\Database\\Migrations\\Migrator->run(Array, Array)
#13 [internal function]: Illuminate\\Database\\Console\\Migrations\\MigrateCommand->handle()
#14 /Users/lamim/Desktop/Discount_app/DiscountApp/vendor/laravel/framework/src/Illuminate/Container/BoundMethod.php(32): call_user_func_array(Array, Array)
#15 /Users/lamim/Desktop/Discount_app/DiscountApp/vendor/laravel/framework/src/Illuminate/Container/BoundMethod.php(90): Illuminate\\Container\\BoundMethod::Illuminate\\Container\\{closure}()
#16 /Users/lamim/Desktop/Discount_app/DiscountApp/vendor/laravel/framework/src/Illuminate/Container/BoundMethod.php(34): Illuminate\\Container\\BoundMethod::callBoundMethod(Object(Illuminate\\Foundation\\Application), Array, Object(Closure))
#17 /Users/lamim/Desktop/Discount_app/DiscountApp/vendor/laravel/framework/src/Illuminate/Container/Container.php(576): Illuminate\\Container\\BoundMethod::call(Object(Illuminate\\Foundation\\Application), Array, Array, NULL)
#18 /Users/lamim/Desktop/Discount_app/DiscountApp/vendor/laravel/framework/src/Illuminate/Console/Command.php(183): Illuminate\\Container\\Container->call(Array)
#19 /Users/lamim/Desktop/Discount_app/DiscountApp/vendor/symfony/console/Command/Command.php(255): Illuminate\\Console\\Command->execute(Object(Symfony\\Component\\Console\\Input\\ArgvInput), Object(Illuminate\\Console\\OutputStyle))
#20 /Users/lamim/Desktop/Discount_app/DiscountApp/vendor/laravel/framework/src/Illuminate/Console/Command.php(170): Symfony\\Component\\Console\\Command\\Command->run(Object(Symfony\\Component\\Console\\Input\\ArgvInput), Object(Illuminate\\Console\\OutputStyle))
#21 /Users/lamim/Desktop/Discount_app/DiscountApp/vendor/symfony/console/Application.php(921): Illuminate\\Console\\Command->run(Object(Symfony\\Component\\Console\\Input\\ArgvInput), Object(Symfony\\Component\\Console\\Output\\ConsoleOutput))
#22 /Users/lamim/Desktop/Discount_app/DiscountApp/vendor/symfony/console/Application.php(273): Symfony\\Component\\Console\\Application->doRunCommand(Object(Illuminate\\Database\\Console\\Migrations\\MigrateCommand), Object(Symfony\\Component\\Console\\Input\\ArgvInput), Object(Symfony\\Component\\Console\\Output\\ConsoleOutput))
#23 /Users/lamim/Desktop/Discount_app/DiscountApp/vendor/symfony/console/Application.php(149): Symfony\\Component\\Console\\Application->doRun(Object(Symfony\\Component\\Console\\Input\\ArgvInput), Object(Symfony\\Component\\Console\\Output\\ConsoleOutput))
#24 /Users/lamim/Desktop/Discount_app/DiscountApp/vendor/laravel/framework/src/Illuminate/Console/Application.php(90): Symfony\\Component\\Console\\Application->run(Object(Symfony\\Component\\Console\\Input\\ArgvInput), Object(Symfony\\Component\\Console\\Output\\ConsoleOutput))
#25 /Users/lamim/Desktop/Discount_app/DiscountApp/vendor/laravel/framework/src/Illuminate/Foundation/Console/Kernel.php(133): Illuminate\\Console\\Application->run(Object(Symfony\\Component\\Console\\Input\\ArgvInput), Object(Symfony\\Component\\Console\\Output\\ConsoleOutput))
#26 /Users/lamim/Desktop/Discount_app/DiscountApp/artisan(37): Illuminate\\Foundation\\Console\\Kernel->handle(Object(Symfony\\Component\\Console\\Input\\ArgvInput), Object(Symfony\\Component\\Console\\Output\\ConsoleOutput))
#27 {main}
"} 
[2019-08-20 11:22:01] local.ERROR: SQLSTATE[42S01]: Base table or view already exists: 1050 Table 'users' already exists (SQL: create table `users` (`id` bigint unsigned not null auto_increment primary key, `name` varchar(255) not null, `email` varchar(255) not null, `email_verified_at` timestamp null, `password` varchar(255) not null, `remember_token` varchar(100) null, `created_at` timestamp null, `updated_at` timestamp null) default character set utf8mb4 collate 'utf8mb4_unicode_ci') {"exception":"[object] (Illuminate\\Database\\QueryException(code: 42S01): SQLSTATE[42S01]: Base table or view already exists: 1050 Table 'users' already exists (SQL: create table `users` (`id` bigint unsigned not null auto_increment primary key, `name` varchar(255) not null, `email` varchar(255) not null, `email_verified_at` timestamp null, `password` varchar(255) not null, `remember_token` varchar(100) null, `created_at` timestamp null, `updated_at` timestamp null) default character set utf8mb4 collate 'utf8mb4_unicode_ci') at /Users/lamim/Desktop/Discount_app/DiscountApp/vendor/laravel/framework/src/Illuminate/Database/Connection.php:664, PDOException(code: 42S01): SQLSTATE[42S01]: Base table or view already exists: 1050 Table 'users' already exists at /Users/lamim/Desktop/Discount_app/DiscountApp/vendor/laravel/framework/src/Illuminate/Database/Connection.php:458)
[stacktrace]
#0 /Users/lamim/Desktop/Discount_app/DiscountApp/vendor/laravel/framework/src/Illuminate/Database/Connection.php(624): Illuminate\\Database\\Connection->runQueryCallback('create table `u...', Array, Object(Closure))
#1 /Users/lamim/Desktop/Discount_app/DiscountApp/vendor/laravel/framework/src/Illuminate/Database/Connection.php(459): Illuminate\\Database\\Connection->run('create table `u...', Array, Object(Closure))
#2 /Users/lamim/Desktop/Discount_app/DiscountApp/vendor/laravel/framework/src/Illuminate/Database/Schema/Blueprint.php(97): Illuminate\\Database\\Connection->statement('create table `u...')
#3 /Users/lamim/Desktop/Discount_app/DiscountApp/vendor/laravel/framework/src/Illuminate/Database/Schema/Builder.php(278): Illuminate\\Database\\Schema\\Blueprint->build(Object(Illuminate\\Database\\MySqlConnection), Object(Illuminate\\Database\\Schema\\Grammars\\MySqlGrammar))
#4 /Users/lamim/Desktop/Discount_app/DiscountApp/vendor/laravel/framework/src/Illuminate/Database/Schema/Builder.php(167): Illuminate\\Database\\Schema\\Builder->build(Object(Illuminate\\Database\\Schema\\Blueprint))
#5 /Users/lamim/Desktop/Discount_app/DiscountApp/vendor/laravel/framework/src/Illuminate/Support/Facades/Facade.php(237): Illuminate\\Database\\Schema\\Builder->create('users', Object(Closure))
#6 /Users/lamim/Desktop/Discount_app/DiscountApp/database/migrations/2014_10_12_000000_create_users_table.php(24): Illuminate\\Support\\Facades\\Facade::__callStatic('create', Array)
#7 /Users/lamim/Desktop/Discount_app/DiscountApp/vendor/laravel/framework/src/Illuminate/Database/Migrations/Migrator.php(387): CreateUsersTable->up()
#8 /Users/lamim/Desktop/Discount_app/DiscountApp/vendor/laravel/framework/src/Illuminate/Database/Migrations/Migrator.php(396): Illuminate\\Database\\Migrations\\Migrator->Illuminate\\Database\\Migrations\\{closure}()
#9 /Users/lamim/Desktop/Discount_app/DiscountApp/vendor/laravel/framework/src/Illuminate/Database/Migrations/Migrator.php(197): Illuminate\\Database\\Migrations\\Migrator->runMigration(Object(CreateUsersTable), 'up')
#10 /Users/lamim/Desktop/Discount_app/DiscountApp/vendor/laravel/framework/src/Illuminate/Database/Migrations/Migrator.php(162): Illuminate\\Database\\Migrations\\Migrator->runUp('/Users/lamim/De...', 1, false)
#11 /Users/lamim/Desktop/Discount_app/DiscountApp/vendor/laravel/framework/src/Illuminate/Database/Migrations/Migrator.php(109): Illuminate\\Database\\Migrations\\Migrator->runPending(Array, Array)
#12 /Users/lamim/Desktop/Discount_app/DiscountApp/vendor/laravel/framework/src/Illuminate/Database/Console/Migrations/MigrateCommand.php(71): Illuminate\\Database\\Migrations\\Migrator->run(Array, Array)
#13 [internal function]: Illuminate\\Database\\Console\\Migrations\\MigrateCommand->handle()
#14 /Users/lamim/Desktop/Discount_app/DiscountApp/vendor/laravel/framework/src/Illuminate/Container/BoundMethod.php(32): call_user_func_array(Array, Array)
#15 /Users/lamim/Desktop/Discount_app/DiscountApp/vendor/laravel/framework/src/Illuminate/Container/BoundMethod.php(90): Illuminate\\Container\\BoundMethod::Illuminate\\Container\\{closure}()
#16 /Users/lamim/Desktop/Discount_app/DiscountApp/vendor/laravel/framework/src/Illuminate/Container/BoundMethod.php(34): Illuminate\\Container\\BoundMethod::callBoundMethod(Object(Illuminate\\Foundation\\Application), Array, Object(Closure))
#17 /Users/lamim/Desktop/Discount_app/DiscountApp/vendor/laravel/framework/src/Illuminate/Container/Container.php(576): Illuminate\\Container\\BoundMethod::call(Object(Illuminate\\Foundation\\Application), Array, Array, NULL)
#18 /Users/lamim/Desktop/Discount_app/DiscountApp/vendor/laravel/framework/src/Illuminate/Console/Command.php(183): Illuminate\\Container\\Container->call(Array)
#19 /Users/lamim/Desktop/Discount_app/DiscountApp/vendor/symfony/console/Command/Command.php(255): Illuminate\\Console\\Command->execute(Object(Symfony\\Component\\Console\\Input\\ArgvInput), Object(Illuminate\\Console\\OutputStyle))
#20 /Users/lamim/Desktop/Discount_app/DiscountApp/vendor/laravel/framework/src/Illuminate/Console/Command.php(170): Symfony\\Component\\Console\\Command\\Command->run(Object(Symfony\\Component\\Console\\Input\\ArgvInput), Object(Illuminate\\Console\\OutputStyle))
#21 /Users/lamim/Desktop/Discount_app/DiscountApp/vendor/symfony/console/Application.php(921): Illuminate\\Console\\Command->run(Object(Symfony\\Component\\Console\\Input\\ArgvInput), Object(Symfony\\Component\\Console\\Output\\ConsoleOutput))
#22 /Users/lamim/Desktop/Discount_app/DiscountApp/vendor/symfony/console/Application.php(273): Symfony\\Component\\Console\\Application->doRunCommand(Object(Illuminate\\Database\\Console\\Migrations\\MigrateCommand), Object(Symfony\\Component\\Console\\Input\\ArgvInput), Object(Symfony\\Component\\Console\\Output\\ConsoleOutput))
#23 /Users/lamim/Desktop/Discount_app/DiscountApp/vendor/symfony/console/Application.php(149): Symfony\\Component\\Console\\Application->doRun(Object(Symfony\\Component\\Console\\Input\\ArgvInput), Object(Symfony\\Component\\Console\\Output\\ConsoleOutput))
#24 /Users/lamim/Desktop/Discount_app/DiscountApp/vendor/laravel/framework/src/Illuminate/Console/Application.php(90): Symfony\\Component\\Console\\Application->run(Object(Symfony\\Component\\Console\\Input\\ArgvInput), Object(Symfony\\Component\\Console\\Output\\ConsoleOutput))
#25 /Users/lamim/Desktop/Discount_app/DiscountApp/vendor/laravel/framework/src/Illuminate/Foundation/Console/Kernel.php(133): Illuminate\\Console\\Application->run(Object(Symfony\\Component\\Console\\Input\\ArgvInput), Object(Symfony\\Component\\Console\\Output\\ConsoleOutput))
#26 /Users/lamim/Desktop/Discount_app/DiscountApp/artisan(37): Illuminate\\Foundation\\Console\\Kernel->handle(Object(Symfony\\Component\\Console\\Input\\ArgvInput), Object(Symfony\\Component\\Console\\Output\\ConsoleOutput))
#27 {main}
"} 
[2019-08-20 11:24:32] local.ERROR: SQLSTATE[42S01]: Base table or view already exists: 1050 Table 'users' already exists (SQL: create table `users` (`id` bigint unsigned not null auto_increment primary key, `name` varchar(255) not null, `email` varchar(255) not null, `email_verified_at` timestamp null, `password` varchar(255) not null, `isAdmin` tinyint(1) null, `remember_token` varchar(100) null, `created_at` timestamp null, `updated_at` timestamp null) default character set utf8mb4 collate 'utf8mb4_unicode_ci') {"exception":"[object] (Illuminate\\Database\\QueryException(code: 42S01): SQLSTATE[42S01]: Base table or view already exists: 1050 Table 'users' already exists (SQL: create table `users` (`id` bigint unsigned not null auto_increment primary key, `name` varchar(255) not null, `email` varchar(255) not null, `email_verified_at` timestamp null, `password` varchar(255) not null, `isAdmin` tinyint(1) null, `remember_token` varchar(100) null, `created_at` timestamp null, `updated_at` timestamp null) default character set utf8mb4 collate 'utf8mb4_unicode_ci') at /Users/lamim/Desktop/Discount_app/DiscountApp/vendor/laravel/framework/src/Illuminate/Database/Connection.php:664, PDOException(code: 42S01): SQLSTATE[42S01]: Base table or view already exists: 1050 Table 'users' already exists at /Users/lamim/Desktop/Discount_app/DiscountApp/vendor/laravel/framework/src/Illuminate/Database/Connection.php:458)
[stacktrace]
#0 /Users/lamim/Desktop/Discount_app/DiscountApp/vendor/laravel/framework/src/Illuminate/Database/Connection.php(624): Illuminate\\Database\\Connection->runQueryCallback('create table `u...', Array, Object(Closure))
#1 /Users/lamim/Desktop/Discount_app/DiscountApp/vendor/laravel/framework/src/Illuminate/Database/Connection.php(459): Illuminate\\Database\\Connection->run('create table `u...', Array, Object(Closure))
#2 /Users/lamim/Desktop/Discount_app/DiscountApp/vendor/laravel/framework/src/Illuminate/Database/Schema/Blueprint.php(97): Illuminate\\Database\\Connection->statement('create table `u...')
#3 /Users/lamim/Desktop/Discount_app/DiscountApp/vendor/laravel/framework/src/Illuminate/Database/Schema/Builder.php(278): Illuminate\\Database\\Schema\\Blueprint->build(Object(Illuminate\\Database\\MySqlConnection), Object(Illuminate\\Database\\Schema\\Grammars\\MySqlGrammar))
#4 /Users/lamim/Desktop/Discount_app/DiscountApp/vendor/laravel/framework/src/Illuminate/Database/Schema/Builder.php(167): Illuminate\\Database\\Schema\\Builder->build(Object(Illuminate\\Database\\Schema\\Blueprint))
#5 /Users/lamim/Desktop/Discount_app/DiscountApp/vendor/laravel/framework/src/Illuminate/Support/Facades/Facade.php(237): Illuminate\\Database\\Schema\\Builder->create('users', Object(Closure))
#6 /Users/lamim/Desktop/Discount_app/DiscountApp/database/migrations/2014_10_12_000000_create_users_table.php(25): Illuminate\\Support\\Facades\\Facade::__callStatic('create', Array)
#7 /Users/lamim/Desktop/Discount_app/DiscountApp/vendor/laravel/framework/src/Illuminate/Database/Migrations/Migrator.php(387): CreateUsersTable->up()
#8 /Users/lamim/Desktop/Discount_app/DiscountApp/vendor/laravel/framework/src/Illuminate/Database/Migrations/Migrator.php(396): Illuminate\\Database\\Migrations\\Migrator->Illuminate\\Database\\Migrations\\{closure}()
#9 /Users/lamim/Desktop/Discount_app/DiscountApp/vendor/laravel/framework/src/Illuminate/Database/Migrations/Migrator.php(197): Illuminate\\Database\\Migrations\\Migrator->runMigration(Object(CreateUsersTable), 'up')
#10 /Users/lamim/Desktop/Discount_app/DiscountApp/vendor/laravel/framework/src/Illuminate/Database/Migrations/Migrator.php(162): Illuminate\\Database\\Migrations\\Migrator->runUp('/Users/lamim/De...', 1, false)
#11 /Users/lamim/Desktop/Discount_app/DiscountApp/vendor/laravel/framework/src/Illuminate/Database/Migrations/Migrator.php(109): Illuminate\\Database\\Migrations\\Migrator->runPending(Array, Array)
#12 /Users/lamim/Desktop/Discount_app/DiscountApp/vendor/laravel/framework/src/Illuminate/Database/Console/Migrations/MigrateCommand.php(71): Illuminate\\Database\\Migrations\\Migrator->run(Array, Array)
#13 [internal function]: Illuminate\\Database\\Console\\Migrations\\MigrateCommand->handle()
#14 /Users/lamim/Desktop/Discount_app/DiscountApp/vendor/laravel/framework/src/Illuminate/Container/BoundMethod.php(32): call_user_func_array(Array, Array)
#15 /Users/lamim/Desktop/Discount_app/DiscountApp/vendor/laravel/framework/src/Illuminate/Container/BoundMethod.php(90): Illuminate\\Container\\BoundMethod::Illuminate\\Container\\{closure}()
#16 /Users/lamim/Desktop/Discount_app/DiscountApp/vendor/laravel/framework/src/Illuminate/Container/BoundMethod.php(34): Illuminate\\Container\\BoundMethod::callBoundMethod(Object(Illuminate\\Foundation\\Application), Array, Object(Closure))
#17 /Users/lamim/Desktop/Discount_app/DiscountApp/vendor/laravel/framework/src/Illuminate/Container/Container.php(576): Illuminate\\Container\\BoundMethod::call(Object(Illuminate\\Foundation\\Application), Array, Array, NULL)
#18 /Users/lamim/Desktop/Discount_app/DiscountApp/vendor/laravel/framework/src/Illuminate/Console/Command.php(183): Illuminate\\Container\\Container->call(Array)
#19 /Users/lamim/Desktop/Discount_app/DiscountApp/vendor/symfony/console/Command/Command.php(255): Illuminate\\Console\\Command->execute(Object(Symfony\\Component\\Console\\Input\\ArgvInput), Object(Illuminate\\Console\\OutputStyle))
#20 /Users/lamim/Desktop/Discount_app/DiscountApp/vendor/laravel/framework/src/Illuminate/Console/Command.php(170): Symfony\\Component\\Console\\Command\\Command->run(Object(Symfony\\Component\\Console\\Input\\ArgvInput), Object(Illuminate\\Console\\OutputStyle))
#21 /Users/lamim/Desktop/Discount_app/DiscountApp/vendor/symfony/console/Application.php(921): Illuminate\\Console\\Command->run(Object(Symfony\\Component\\Console\\Input\\ArgvInput), Object(Symfony\\Component\\Console\\Output\\ConsoleOutput))
#22 /Users/lamim/Desktop/Discount_app/DiscountApp/vendor/symfony/console/Application.php(273): Symfony\\Component\\Console\\Application->doRunCommand(Object(Illuminate\\Database\\Console\\Migrations\\MigrateCommand), Object(Symfony\\Component\\Console\\Input\\ArgvInput), Object(Symfony\\Component\\Console\\Output\\ConsoleOutput))
#23 /Users/lamim/Desktop/Discount_app/DiscountApp/vendor/symfony/console/Application.php(149): Symfony\\Component\\Console\\Application->doRun(Object(Symfony\\Component\\Console\\Input\\ArgvInput), Object(Symfony\\Component\\Console\\Output\\ConsoleOutput))
#24 /Users/lamim/Desktop/Discount_app/DiscountApp/vendor/laravel/framework/src/Illuminate/Console/Application.php(90): Symfony\\Component\\Console\\Application->run(Object(Symfony\\Component\\Console\\Input\\ArgvInput), Object(Symfony\\Component\\Console\\Output\\ConsoleOutput))
#25 /Users/lamim/Desktop/Discount_app/DiscountApp/vendor/laravel/framework/src/Illuminate/Foundation/Console/Kernel.php(133): Illuminate\\Console\\Application->run(Object(Symfony\\Component\\Console\\Input\\ArgvInput), Object(Symfony\\Component\\Console\\Output\\ConsoleOutput))
#26 /Users/lamim/Desktop/Discount_app/DiscountApp/artisan(37): Illuminate\\Foundation\\Console\\Kernel->handle(Object(Symfony\\Component\\Console\\Input\\ArgvInput), Object(Symfony\\Component\\Console\\Output\\ConsoleOutput))
#27 {main}
"} 
[2019-08-20 11:26:00] local.ERROR: SQLSTATE[42000]: Syntax error or access violation: 1071 Specified key was too long; max key length is 767 bytes (SQL: alter table `users` add unique `users_email_unique`(`email`)) {"exception":"[object] (Illuminate\\Database\\QueryException(code: 42000): SQLSTATE[42000]: Syntax error or access violation: 1071 Specified key was too long; max key length is 767 bytes (SQL: alter table `users` add unique `users_email_unique`(`email`)) at /Users/lamim/Desktop/Discount_app/DiscountApp/vendor/laravel/framework/src/Illuminate/Database/Connection.php:664, PDOException(code: 42000): SQLSTATE[42000]: Syntax error or access violation: 1071 Specified key was too long; max key length is 767 bytes at /Users/lamim/Desktop/Discount_app/DiscountApp/vendor/laravel/framework/src/Illuminate/Database/Connection.php:458)
[stacktrace]
#0 /Users/lamim/Desktop/Discount_app/DiscountApp/vendor/laravel/framework/src/Illuminate/Database/Connection.php(624): Illuminate\\Database\\Connection->runQueryCallback('alter table `us...', Array, Object(Closure))
#1 /Users/lamim/Desktop/Discount_app/DiscountApp/vendor/laravel/framework/src/Illuminate/Database/Connection.php(459): Illuminate\\Database\\Connection->run('alter table `us...', Array, Object(Closure))
#2 /Users/lamim/Desktop/Discount_app/DiscountApp/vendor/laravel/framework/src/Illuminate/Database/Schema/Blueprint.php(97): Illuminate\\Database\\Connection->statement('alter table `us...')
#3 /Users/lamim/Desktop/Discount_app/DiscountApp/vendor/laravel/framework/src/Illuminate/Database/Schema/Builder.php(278): Illuminate\\Database\\Schema\\Blueprint->build(Object(Illuminate\\Database\\MySqlConnection), Object(Illuminate\\Database\\Schema\\Grammars\\MySqlGrammar))
#4 /Users/lamim/Desktop/Discount_app/DiscountApp/vendor/laravel/framework/src/Illuminate/Database/Schema/Builder.php(167): Illuminate\\Database\\Schema\\Builder->build(Object(Illuminate\\Database\\Schema\\Blueprint))
#5 /Users/lamim/Desktop/Discount_app/DiscountApp/vendor/laravel/framework/src/Illuminate/Support/Facades/Facade.php(237): Illuminate\\Database\\Schema\\Builder->create('users', Object(Closure))
#6 /Users/lamim/Desktop/Discount_app/DiscountApp/database/migrations/2014_10_12_000000_create_users_table.php(25): Illuminate\\Support\\Facades\\Facade::__callStatic('create', Array)
#7 /Users/lamim/Desktop/Discount_app/DiscountApp/vendor/laravel/framework/src/Illuminate/Database/Migrations/Migrator.php(387): CreateUsersTable->up()
#8 /Users/lamim/Desktop/Discount_app/DiscountApp/vendor/laravel/framework/src/Illuminate/Database/Migrations/Migrator.php(396): Illuminate\\Database\\Migrations\\Migrator->Illuminate\\Database\\Migrations\\{closure}()
#9 /Users/lamim/Desktop/Discount_app/DiscountApp/vendor/laravel/framework/src/Illuminate/Database/Migrations/Migrator.php(197): Illuminate\\Database\\Migrations\\Migrator->runMigration(Object(CreateUsersTable), 'up')
#10 /Users/lamim/Desktop/Discount_app/DiscountApp/vendor/laravel/framework/src/Illuminate/Database/Migrations/Migrator.php(162): Illuminate\\Database\\Migrations\\Migrator->runUp('/Users/lamim/De...', 1, false)
#11 /Users/lamim/Desktop/Discount_app/DiscountApp/vendor/laravel/framework/src/Illuminate/Database/Migrations/Migrator.php(109): Illuminate\\Database\\Migrations\\Migrator->runPending(Array, Array)
#12 /Users/lamim/Desktop/Discount_app/DiscountApp/vendor/laravel/framework/src/Illuminate/Database/Console/Migrations/MigrateCommand.php(71): Illuminate\\Database\\Migrations\\Migrator->run(Array, Array)
#13 [internal function]: Illuminate\\Database\\Console\\Migrations\\MigrateCommand->handle()
#14 /Users/lamim/Desktop/Discount_app/DiscountApp/vendor/laravel/framework/src/Illuminate/Container/BoundMethod.php(32): call_user_func_array(Array, Array)
#15 /Users/lamim/Desktop/Discount_app/DiscountApp/vendor/laravel/framework/src/Illuminate/Container/BoundMethod.php(90): Illuminate\\Container\\BoundMethod::Illuminate\\Container\\{closure}()
#16 /Users/lamim/Desktop/Discount_app/DiscountApp/vendor/laravel/framework/src/Illuminate/Container/BoundMethod.php(34): Illuminate\\Container\\BoundMethod::callBoundMethod(Object(Illuminate\\Foundation\\Application), Array, Object(Closure))
#17 /Users/lamim/Desktop/Discount_app/DiscountApp/vendor/laravel/framework/src/Illuminate/Container/Container.php(576): Illuminate\\Container\\BoundMethod::call(Object(Illuminate\\Foundation\\Application), Array, Array, NULL)
#18 /Users/lamim/Desktop/Discount_app/DiscountApp/vendor/laravel/framework/src/Illuminate/Console/Command.php(183): Illuminate\\Container\\Container->call(Array)
#19 /Users/lamim/Desktop/Discount_app/DiscountApp/vendor/symfony/console/Command/Command.php(255): Illuminate\\Console\\Command->execute(Object(Symfony\\Component\\Console\\Input\\ArgvInput), Object(Illuminate\\Console\\OutputStyle))
#20 /Users/lamim/Desktop/Discount_app/DiscountApp/vendor/laravel/framework/src/Illuminate/Console/Command.php(170): Symfony\\Component\\Console\\Command\\Command->run(Object(Symfony\\Component\\Console\\Input\\ArgvInput), Object(Illuminate\\Console\\OutputStyle))
#21 /Users/lamim/Desktop/Discount_app/DiscountApp/vendor/symfony/console/Application.php(921): Illuminate\\Console\\Command->run(Object(Symfony\\Component\\Console\\Input\\ArgvInput), Object(Symfony\\Component\\Console\\Output\\ConsoleOutput))
#22 /Users/lamim/Desktop/Discount_app/DiscountApp/vendor/symfony/console/Application.php(273): Symfony\\Component\\Console\\Application->doRunCommand(Object(Illuminate\\Database\\Console\\Migrations\\MigrateCommand), Object(Symfony\\Component\\Console\\Input\\ArgvInput), Object(Symfony\\Component\\Console\\Output\\ConsoleOutput))
#23 /Users/lamim/Desktop/Discount_app/DiscountApp/vendor/symfony/console/Application.php(149): Symfony\\Component\\Console\\Application->doRun(Object(Symfony\\Component\\Console\\Input\\ArgvInput), Object(Symfony\\Component\\Console\\Output\\ConsoleOutput))
#24 /Users/lamim/Desktop/Discount_app/DiscountApp/vendor/laravel/framework/src/Illuminate/Console/Application.php(90): Symfony\\Component\\Console\\Application->run(Object(Symfony\\Component\\Console\\Input\\ArgvInput), Object(Symfony\\Component\\Console\\Output\\ConsoleOutput))
#25 /Users/lamim/Desktop/Discount_app/DiscountApp/vendor/laravel/framework/src/Illuminate/Foundation/Console/Kernel.php(133): Illuminate\\Console\\Application->run(Object(Symfony\\Component\\Console\\Input\\ArgvInput), Object(Symfony\\Component\\Console\\Output\\ConsoleOutput))
#26 /Users/lamim/Desktop/Discount_app/DiscountApp/artisan(37): Illuminate\\Foundation\\Console\\Kernel->handle(Object(Symfony\\Component\\Console\\Input\\ArgvInput), Object(Symfony\\Component\\Console\\Output\\ConsoleOutput))
#27 {main}
"} 
[2019-08-20 12:11:40] local.ERROR: Call to undefined method Symfony\Component\Routing\Annotation\Route::get() {"exception":"[object] (Symfony\\Component\\Debug\\Exception\\FatalThrowableError(code: 0): Call to undefined method Symfony\\Component\\Routing\\Annotation\\Route::get() at /Users/lamim/Desktop/Discount_app/DiscountApp/routes/web.php:16)
[stacktrace]
#0 /Users/lamim/Desktop/Discount_app/DiscountApp/vendor/laravel/framework/src/Illuminate/Routing/RouteFileRegistrar.php(35): require()
#1 /Users/lamim/Desktop/Discount_app/DiscountApp/vendor/laravel/framework/src/Illuminate/Routing/Router.php(415): Illuminate\\Routing\\RouteFileRegistrar->register('/Users/lamim/De...')
#2 /Users/lamim/Desktop/Discount_app/DiscountApp/vendor/laravel/framework/src/Illuminate/Routing/Router.php(373): Illuminate\\Routing\\Router->loadRoutes('/Users/lamim/De...')
#3 /Users/lamim/Desktop/Discount_app/DiscountApp/vendor/laravel/framework/src/Illuminate/Routing/RouteRegistrar.php(121): Illuminate\\Routing\\Router->group(Array, '/Users/lamim/De...')
#4 /Users/lamim/Desktop/Discount_app/DiscountApp/app/Providers/RouteServiceProvider.php(56): Illuminate\\Routing\\RouteRegistrar->group('/Users/lamim/De...')
#5 /Users/lamim/Desktop/Discount_app/DiscountApp/app/Providers/RouteServiceProvider.php(40): App\\Providers\\RouteServiceProvider->mapWebRoutes()
#6 [internal function]: App\\Providers\\RouteServiceProvider->map()
#7 /Users/lamim/Desktop/Discount_app/DiscountApp/vendor/laravel/framework/src/Illuminate/Container/BoundMethod.php(32): call_user_func_array(Array, Array)
#8 /Users/lamim/Desktop/Discount_app/DiscountApp/vendor/laravel/framework/src/Illuminate/Container/BoundMethod.php(90): Illuminate\\Container\\BoundMethod::Illuminate\\Container\\{closure}()
#9 /Users/lamim/Desktop/Discount_app/DiscountApp/vendor/laravel/framework/src/Illuminate/Container/BoundMethod.php(34): Illuminate\\Container\\BoundMethod::callBoundMethod(Object(Illuminate\\Foundation\\Application), Array, Object(Closure))
#10 /Users/lamim/Desktop/Discount_app/DiscountApp/vendor/laravel/framework/src/Illuminate/Container/Container.php(576): Illuminate\\Container\\BoundMethod::call(Object(Illuminate\\Foundation\\Application), Array, Array, NULL)
#11 /Users/lamim/Desktop/Discount_app/DiscountApp/vendor/laravel/framework/src/Illuminate/Foundation/Support/Providers/RouteServiceProvider.php(87): Illuminate\\Container\\Container->call(Array)
#12 /Users/lamim/Desktop/Discount_app/DiscountApp/vendor/laravel/framework/src/Illuminate/Foundation/Support/Providers/RouteServiceProvider.php(36): Illuminate\\Foundation\\Support\\Providers\\RouteServiceProvider->loadRoutes()
#13 /Users/lamim/Desktop/Discount_app/DiscountApp/app/Providers/RouteServiceProvider.php(28): Illuminate\\Foundation\\Support\\Providers\\RouteServiceProvider->boot()
#14 [internal function]: App\\Providers\\RouteServiceProvider->boot()
#15 /Users/lamim/Desktop/Discount_app/DiscountApp/vendor/laravel/framework/src/Illuminate/Container/BoundMethod.php(32): call_user_func_array(Array, Array)
#16 /Users/lamim/Desktop/Discount_app/DiscountApp/vendor/laravel/framework/src/Illuminate/Container/BoundMethod.php(90): Illuminate\\Container\\BoundMethod::Illuminate\\Container\\{closure}()
#17 /Users/lamim/Desktop/Discount_app/DiscountApp/vendor/laravel/framework/src/Illuminate/Container/BoundMethod.php(34): Illuminate\\Container\\BoundMethod::callBoundMethod(Object(Illuminate\\Foundation\\Application), Array, Object(Closure))
#18 /Users/lamim/Desktop/Discount_app/DiscountApp/vendor/laravel/framework/src/Illuminate/Container/Container.php(576): Illuminate\\Container\\BoundMethod::call(Object(Illuminate\\Foundation\\Application), Array, Array, NULL)
#19 /Users/lamim/Desktop/Discount_app/DiscountApp/vendor/laravel/framework/src/Illuminate/Foundation/Application.php(827): Illuminate\\Container\\Container->call(Array)
#20 /Users/lamim/Desktop/Discount_app/DiscountApp/vendor/laravel/framework/src/Illuminate/Foundation/Application.php(810): Illuminate\\Foundation\\Application->bootProvider(Object(App\\Providers\\RouteServiceProvider))
#21 [internal function]: Illuminate\\Foundation\\Application->Illuminate\\Foundation\\{closure}(Object(App\\Providers\\RouteServiceProvider), 20)
#22 /Users/lamim/Desktop/Discount_app/DiscountApp/vendor/laravel/framework/src/Illuminate/Foundation/Application.php(811): array_walk(Array, Object(Closure))
#23 /Users/lamim/Desktop/Discount_app/DiscountApp/vendor/laravel/framework/src/Illuminate/Foundation/Bootstrap/BootProviders.php(17): Illuminate\\Foundation\\Application->boot()
#24 /Users/lamim/Desktop/Discount_app/DiscountApp/vendor/laravel/framework/src/Illuminate/Foundation/Application.php(210): Illuminate\\Foundation\\Bootstrap\\BootProviders->bootstrap(Object(Illuminate\\Foundation\\Application))
#25 /Users/lamim/Desktop/Discount_app/DiscountApp/vendor/laravel/framework/src/Illuminate/Foundation/Console/Kernel.php(322): Illuminate\\Foundation\\Application->bootstrapWith(Array)
#26 /Users/lamim/Desktop/Discount_app/DiscountApp/vendor/laravel/framework/src/Illuminate/Foundation/Console/Kernel.php(131): Illuminate\\Foundation\\Console\\Kernel->bootstrap()
#27 /Users/lamim/Desktop/Discount_app/DiscountApp/artisan(37): Illuminate\\Foundation\\Console\\Kernel->handle(Object(Symfony\\Component\\Console\\Input\\ArgvInput), Object(Symfony\\Component\\Console\\Output\\ConsoleOutput))
#28 {main}
"} 
[2019-08-20 12:12:36] local.ERROR: Call to undefined method Symfony\Component\Routing\Annotation\Route::get() {"exception":"[object] (Symfony\\Component\\Debug\\Exception\\FatalThrowableError(code: 0): Call to undefined method Symfony\\Component\\Routing\\Annotation\\Route::get() at /Users/lamim/Desktop/Discount_app/DiscountApp/routes/web.php:16)
[stacktrace]
#0 /Users/lamim/Desktop/Discount_app/DiscountApp/vendor/laravel/framework/src/Illuminate/Routing/RouteFileRegistrar.php(35): require()
#1 /Users/lamim/Desktop/Discount_app/DiscountApp/vendor/laravel/framework/src/Illuminate/Routing/Router.php(415): Illuminate\\Routing\\RouteFileRegistrar->register('/Users/lamim/De...')
#2 /Users/lamim/Desktop/Discount_app/DiscountApp/vendor/laravel/framework/src/Illuminate/Routing/Router.php(373): Illuminate\\Routing\\Router->loadRoutes('/Users/lamim/De...')
#3 /Users/lamim/Desktop/Discount_app/DiscountApp/vendor/laravel/framework/src/Illuminate/Routing/RouteRegistrar.php(121): Illuminate\\Routing\\Router->group(Array, '/Users/lamim/De...')
#4 /Users/lamim/Desktop/Discount_app/DiscountApp/app/Providers/RouteServiceProvider.php(56): Illuminate\\Routing\\RouteRegistrar->group('/Users/lamim/De...')
#5 /Users/lamim/Desktop/Discount_app/DiscountApp/app/Providers/RouteServiceProvider.php(40): App\\Providers\\RouteServiceProvider->mapWebRoutes()
#6 [internal function]: App\\Providers\\RouteServiceProvider->map()
#7 /Users/lamim/Desktop/Discount_app/DiscountApp/vendor/laravel/framework/src/Illuminate/Container/BoundMethod.php(32): call_user_func_array(Array, Array)
#8 /Users/lamim/Desktop/Discount_app/DiscountApp/vendor/laravel/framework/src/Illuminate/Container/BoundMethod.php(90): Illuminate\\Container\\BoundMethod::Illuminate\\Container\\{closure}()
#9 /Users/lamim/Desktop/Discount_app/DiscountApp/vendor/laravel/framework/src/Illuminate/Container/BoundMethod.php(34): Illuminate\\Container\\BoundMethod::callBoundMethod(Object(Illuminate\\Foundation\\Application), Array, Object(Closure))
#10 /Users/lamim/Desktop/Discount_app/DiscountApp/vendor/laravel/framework/src/Illuminate/Container/Container.php(576): Illuminate\\Container\\BoundMethod::call(Object(Illuminate\\Foundation\\Application), Array, Array, NULL)
#11 /Users/lamim/Desktop/Discount_app/DiscountApp/vendor/laravel/framework/src/Illuminate/Foundation/Support/Providers/RouteServiceProvider.php(87): Illuminate\\Container\\Container->call(Array)
#12 /Users/lamim/Desktop/Discount_app/DiscountApp/vendor/laravel/framework/src/Illuminate/Foundation/Support/Providers/RouteServiceProvider.php(36): Illuminate\\Foundation\\Support\\Providers\\RouteServiceProvider->loadRoutes()
#13 /Users/lamim/Desktop/Discount_app/DiscountApp/app/Providers/RouteServiceProvider.php(28): Illuminate\\Foundation\\Support\\Providers\\RouteServiceProvider->boot()
#14 [internal function]: App\\Providers\\RouteServiceProvider->boot()
#15 /Users/lamim/Desktop/Discount_app/DiscountApp/vendor/laravel/framework/src/Illuminate/Container/BoundMethod.php(32): call_user_func_array(Array, Array)
#16 /Users/lamim/Desktop/Discount_app/DiscountApp/vendor/laravel/framework/src/Illuminate/Container/BoundMethod.php(90): Illuminate\\Container\\BoundMethod::Illuminate\\Container\\{closure}()
#17 /Users/lamim/Desktop/Discount_app/DiscountApp/vendor/laravel/framework/src/Illuminate/Container/BoundMethod.php(34): Illuminate\\Container\\BoundMethod::callBoundMethod(Object(Illuminate\\Foundation\\Application), Array, Object(Closure))
#18 /Users/lamim/Desktop/Discount_app/DiscountApp/vendor/laravel/framework/src/Illuminate/Container/Container.php(576): Illuminate\\Container\\BoundMethod::call(Object(Illuminate\\Foundation\\Application), Array, Array, NULL)
#19 /Users/lamim/Desktop/Discount_app/DiscountApp/vendor/laravel/framework/src/Illuminate/Foundation/Application.php(827): Illuminate\\Container\\Container->call(Array)
#20 /Users/lamim/Desktop/Discount_app/DiscountApp/vendor/laravel/framework/src/Illuminate/Foundation/Application.php(810): Illuminate\\Foundation\\Application->bootProvider(Object(App\\Providers\\RouteServiceProvider))
#21 [internal function]: Illuminate\\Foundation\\Application->Illuminate\\Foundation\\{closure}(Object(App\\Providers\\RouteServiceProvider), 20)
#22 /Users/lamim/Desktop/Discount_app/DiscountApp/vendor/laravel/framework/src/Illuminate/Foundation/Application.php(811): array_walk(Array, Object(Closure))
#23 /Users/lamim/Desktop/Discount_app/DiscountApp/vendor/laravel/framework/src/Illuminate/Foundation/Bootstrap/BootProviders.php(17): Illuminate\\Foundation\\Application->boot()
#24 /Users/lamim/Desktop/Discount_app/DiscountApp/vendor/laravel/framework/src/Illuminate/Foundation/Application.php(210): Illuminate\\Foundation\\Bootstrap\\BootProviders->bootstrap(Object(Illuminate\\Foundation\\Application))
#25 /Users/lamim/Desktop/Discount_app/DiscountApp/vendor/laravel/framework/src/Illuminate/Foundation/Console/Kernel.php(322): Illuminate\\Foundation\\Application->bootstrapWith(Array)
#26 /Users/lamim/Desktop/Discount_app/DiscountApp/vendor/laravel/framework/src/Illuminate/Foundation/Console/Kernel.php(131): Illuminate\\Foundation\\Console\\Kernel->bootstrap()
#27 /Users/lamim/Desktop/Discount_app/DiscountApp/artisan(37): Illuminate\\Foundation\\Console\\Kernel->handle(Object(Symfony\\Component\\Console\\Input\\ArgvInput), Object(Symfony\\Component\\Console\\Output\\ConsoleOutput))
#28 {main}
"} 
[2019-08-20 12:13:42] local.ERROR: Call to undefined method Symfony\Component\Routing\Annotation\Route::get() {"exception":"[object] (Symfony\\Component\\Debug\\Exception\\FatalThrowableError(code: 0): Call to undefined method Symfony\\Component\\Routing\\Annotation\\Route::get() at /Users/lamim/Desktop/Discount_app/DiscountApp/routes/web.php:17)
[stacktrace]
#0 /Users/lamim/Desktop/Discount_app/DiscountApp/vendor/laravel/framework/src/Illuminate/Routing/RouteFileRegistrar.php(35): require()
#1 /Users/lamim/Desktop/Discount_app/DiscountApp/vendor/laravel/framework/src/Illuminate/Routing/Router.php(415): Illuminate\\Routing\\RouteFileRegistrar->register('/Users/lamim/De...')
#2 /Users/lamim/Desktop/Discount_app/DiscountApp/vendor/laravel/framework/src/Illuminate/Routing/Router.php(373): Illuminate\\Routing\\Router->loadRoutes('/Users/lamim/De...')
#3 /Users/lamim/Desktop/Discount_app/DiscountApp/vendor/laravel/framework/src/Illuminate/Routing/RouteRegistrar.php(121): Illuminate\\Routing\\Router->group(Array, '/Users/lamim/De...')
#4 /Users/lamim/Desktop/Discount_app/DiscountApp/app/Providers/RouteServiceProvider.php(56): Illuminate\\Routing\\RouteRegistrar->group('/Users/lamim/De...')
#5 /Users/lamim/Desktop/Discount_app/DiscountApp/app/Providers/RouteServiceProvider.php(40): App\\Providers\\RouteServiceProvider->mapWebRoutes()
#6 [internal function]: App\\Providers\\RouteServiceProvider->map()
#7 /Users/lamim/Desktop/Discount_app/DiscountApp/vendor/laravel/framework/src/Illuminate/Container/BoundMethod.php(32): call_user_func_array(Array, Array)
#8 /Users/lamim/Desktop/Discount_app/DiscountApp/vendor/laravel/framework/src/Illuminate/Container/BoundMethod.php(90): Illuminate\\Container\\BoundMethod::Illuminate\\Container\\{closure}()
#9 /Users/lamim/Desktop/Discount_app/DiscountApp/vendor/laravel/framework/src/Illuminate/Container/BoundMethod.php(34): Illuminate\\Container\\BoundMethod::callBoundMethod(Object(Illuminate\\Foundation\\Application), Array, Object(Closure))
#10 /Users/lamim/Desktop/Discount_app/DiscountApp/vendor/laravel/framework/src/Illuminate/Container/Container.php(576): Illuminate\\Container\\BoundMethod::call(Object(Illuminate\\Foundation\\Application), Array, Array, NULL)
#11 /Users/lamim/Desktop/Discount_app/DiscountApp/vendor/laravel/framework/src/Illuminate/Foundation/Support/Providers/RouteServiceProvider.php(87): Illuminate\\Container\\Container->call(Array)
#12 /Users/lamim/Desktop/Discount_app/DiscountApp/vendor/laravel/framework/src/Illuminate/Foundation/Support/Providers/RouteServiceProvider.php(36): Illuminate\\Foundation\\Support\\Providers\\RouteServiceProvider->loadRoutes()
#13 /Users/lamim/Desktop/Discount_app/DiscountApp/app/Providers/RouteServiceProvider.php(28): Illuminate\\Foundation\\Support\\Providers\\RouteServiceProvider->boot()
#14 [internal function]: App\\Providers\\RouteServiceProvider->boot()
#15 /Users/lamim/Desktop/Discount_app/DiscountApp/vendor/laravel/framework/src/Illuminate/Container/BoundMethod.php(32): call_user_func_array(Array, Array)
#16 /Users/lamim/Desktop/Discount_app/DiscountApp/vendor/laravel/framework/src/Illuminate/Container/BoundMethod.php(90): Illuminate\\Container\\BoundMethod::Illuminate\\Container\\{closure}()
#17 /Users/lamim/Desktop/Discount_app/DiscountApp/vendor/laravel/framework/src/Illuminate/Container/BoundMethod.php(34): Illuminate\\Container\\BoundMethod::callBoundMethod(Object(Illuminate\\Foundation\\Application), Array, Object(Closure))
#18 /Users/lamim/Desktop/Discount_app/DiscountApp/vendor/laravel/framework/src/Illuminate/Container/Container.php(576): Illuminate\\Container\\BoundMethod::call(Object(Illuminate\\Foundation\\Application), Array, Array, NULL)
#19 /Users/lamim/Desktop/Discount_app/DiscountApp/vendor/laravel/framework/src/Illuminate/Foundation/Application.php(827): Illuminate\\Container\\Container->call(Array)
#20 /Users/lamim/Desktop/Discount_app/DiscountApp/vendor/laravel/framework/src/Illuminate/Foundation/Application.php(810): Illuminate\\Foundation\\Application->bootProvider(Object(App\\Providers\\RouteServiceProvider))
#21 [internal function]: Illuminate\\Foundation\\Application->Illuminate\\Foundation\\{closure}(Object(App\\Providers\\RouteServiceProvider), 20)
#22 /Users/lamim/Desktop/Discount_app/DiscountApp/vendor/laravel/framework/src/Illuminate/Foundation/Application.php(811): array_walk(Array, Object(Closure))
#23 /Users/lamim/Desktop/Discount_app/DiscountApp/vendor/laravel/framework/src/Illuminate/Foundation/Bootstrap/BootProviders.php(17): Illuminate\\Foundation\\Application->boot()
#24 /Users/lamim/Desktop/Discount_app/DiscountApp/vendor/laravel/framework/src/Illuminate/Foundation/Application.php(210): Illuminate\\Foundation\\Bootstrap\\BootProviders->bootstrap(Object(Illuminate\\Foundation\\Application))
#25 /Users/lamim/Desktop/Discount_app/DiscountApp/vendor/laravel/framework/src/Illuminate/Foundation/Console/Kernel.php(322): Illuminate\\Foundation\\Application->bootstrapWith(Array)
#26 /Users/lamim/Desktop/Discount_app/DiscountApp/vendor/laravel/framework/src/Illuminate/Foundation/Console/Kernel.php(131): Illuminate\\Foundation\\Console\\Kernel->bootstrap()
#27 /Users/lamim/Desktop/Discount_app/DiscountApp/artisan(37): Illuminate\\Foundation\\Console\\Kernel->handle(Object(Symfony\\Component\\Console\\Input\\ArgvInput), Object(Symfony\\Component\\Console\\Output\\ConsoleOutput))
#28 {main}
"} 
